<?xml version="1.0" encoding="UTF-8"?>
<!-- Generated by org.testng.reporters.JUnitXMLReporter -->
<testsuite ignored="0" hostname="LAPTOP-T9VL9J16" failures="0" tests="10" name="Run in Edge" time="82.67" errors="0" timestamp="16 Jan 2025 06:20:24 GMT">
  <testcase classname="com.sevenrmartsupermarket.tests.LoginTest" name="verifyAdminLogin" time="0.868"/>
  <testcase classname="com.sevenrmartsupermarket.tests.LoginTest" name="verifyInvalidPasswordAlert" time="0.533"/>
  <testcase classname="com.sevenrmartsupermarket.tests.LoginTest" name="verifyInvalidUserNameAlert" time="0.553"/>
  <testcase classname="com.sevenrmartsupermarket.tests.LoginTest" name="verifyLoginOptionsAreAvailable" time="0.08"/>
  <testcase classname="com.sevenrmartsupermarket.tests.LoginTest" name="verifyRememberMeCheckBoxIsDisplayed" time="0.034"/>
  <testcase classname="com.sevenrmartsupermarket.tests.LoginTest" name="verifyRememberMeCheckBoxIsEnabled" time="0.033"/>
  <testcase classname="com.sevenrmartsupermarket.tests.LoginTest" name="verifySignInButtonIsDisplayed" time="0.038"/>
  <testcase classname="com.sevenrmartsupermarket.tests.LoginTest" name="verifySignInButtonIsEnabled" time="0.022"/>
  <testcase classname="com.sevenrmartsupermarket.tests.HomeTest" name="verifyUserLogout" time="0.986"/>
  <testcase classname="com.sevenrmartsupermarket.tests.ManageNewsTest" name="verifyNewNewsInput" time="1.564"/>
</testsuite> <!-- Run in Edge -->
