<?xml version="1.0" encoding="UTF-8"?>
<!-- Generated by org.testng.reporters.JUnitXMLReporter -->
<testsuite ignored="1" hostname="LAPTOP-T9VL9J16" failures="0" tests="1" name="Default test" time="16.025" errors="0" timestamp="20 Jan 2025 11:21:03 GMT">
  <testcase classname="com.sevenrmartsupermarket.tests.CategoryTest" name="verifyNewCategoryEntry" time="13.317"/>
  <testcase classname="com.sevenrmartsupermarket.tests.CategoryTest" name="verifyCategoryDeleteFromTable" time="0.0">
    <ignored/>
  </testcase> <!-- verifyCategoryDeleteFromTable -->
</testsuite> <!-- Default test -->
