<?xml version="1.0" encoding="UTF-8"?>
<!-- Generated by org.testng.reporters.JUnitXMLReporter -->
<testsuite ignored="0" hostname="LAPTOP-T9VL9J16" failures="0" tests="6" name="Default test" time="21.871" errors="0" timestamp="15 Jan 2025 06:43:28 GMT">
  <testcase classname="com.sevenrmartsupermarket.tests.AdminUsersTest" name="verifyNewUserCreationAlert" time="2.01"/>
  <testcase classname="com.sevenrmartsupermarket.tests.AdminUsersTest" name="verifyNewUserCreationAlert" time="1.74"/>
  <testcase classname="com.sevenrmartsupermarket.tests.AdminUsersTest" name="verifyNewUserCreationAlert" time="1.659"/>
  <testcase classname="com.sevenrmartsupermarket.tests.AdminUsersTest" name="verifyUserDeleteAlert" time="1.741"/>
  <testcase classname="com.sevenrmartsupermarket.tests.AdminUsersTest" name="verifyUserDeleteAlert" time="1.703"/>
  <testcase classname="com.sevenrmartsupermarket.tests.AdminUsersTest" name="verifyUserDeleteAlert" time="1.701"/>
</testsuite> <!-- Default test -->
