<?xml version="1.0" encoding="UTF-8"?>
<!-- Generated by org.testng.reporters.JUnitXMLReporter -->
<testsuite ignored="5" hostname="LAPTOP-T9VL9J16" failures="0" tests="5" name="Group Test" time="10.222" errors="0" timestamp="16 Jan 2025 06:32:24 GMT">
  <testcase classname="com.sevenrmartsupermarket.tests.LoginTest" name="verifyLoginOptionsAreAvailable" time="0.152"/>
  <testcase classname="com.sevenrmartsupermarket.tests.LoginTest" name="verifyRememberMeCheckBoxIsDisplayed" time="0.047"/>
  <testcase classname="com.sevenrmartsupermarket.tests.LoginTest" name="verifyRememberMeCheckBoxIsEnabled" time="0.032"/>
  <testcase classname="com.sevenrmartsupermarket.tests.LoginTest" name="verifySignInButtonIsDisplayed" time="0.05"/>
  <testcase classname="com.sevenrmartsupermarket.tests.LoginTest" name="verifySignInButtonIsEnabled" time="0.05"/>
  <testcase classname="com.sevenrmartsupermarket.tests.LoginTest" name="verifyInvalidUserNameAlert" time="0.0">
    <ignored/>
  </testcase> <!-- verifyInvalidUserNameAlert -->
  <testcase classname="com.sevenrmartsupermarket.tests.HomeTest" name="verifyUserLogout" time="0.0">
    <ignored/>
  </testcase> <!-- verifyUserLogout -->
  <testcase classname="com.sevenrmartsupermarket.tests.LoginTest" name="verifyInvalidPasswordAlert" time="0.0">
    <ignored/>
  </testcase> <!-- verifyInvalidPasswordAlert -->
  <testcase classname="com.sevenrmartsupermarket.tests.LoginTest" name="verifyAdminLogin" time="0.0">
    <ignored/>
  </testcase> <!-- verifyAdminLogin -->
  <testcase classname="com.sevenrmartsupermarket.tests.ManageNewsTest" name="verifyNewNewsInput" time="0.0">
    <ignored/>
  </testcase> <!-- verifyNewNewsInput -->
</testsuite> <!-- Group Test -->
