<?xml version="1.0" encoding="UTF-8"?>
<!-- Generated by org.testng.reporters.JUnitXMLReporter -->
<testsuite ignored="0" hostname="LAPTOP-T9VL9J16" failures="0" tests="10" name="SmokeTest" time="25.064" errors="0" timestamp="15 Jan 2025 05:37:27 GMT">
  <testcase classname="com.sevenrmartsupermarket.tests.LoginTest" name="verifyAdminLogin" time="1.168"/>
  <testcase classname="com.sevenrmartsupermarket.tests.HomeTest" name="verifyUserLogout" time="1.585"/>
  <testcase classname="com.sevenrmartsupermarket.tests.LoginTest" name="verifyInvalidPasswordAlert" time="0.754"/>
  <testcase classname="com.sevenrmartsupermarket.tests.ManageNewsTest" name="verifyNewNewsInput" time="4.4"/>
  <testcase classname="com.sevenrmartsupermarket.tests.LoginTest" name="verifyInvalidUserNameAlert" time="0.572"/>
  <testcase classname="com.sevenrmartsupermarket.tests.LoginTest" name="verifyLoginOptionsAreAvailable" time="0.101"/>
  <testcase classname="com.sevenrmartsupermarket.tests.LoginTest" name="verifyRememberMeCheckBoxIsDisplayed" time="0.049"/>
  <testcase classname="com.sevenrmartsupermarket.tests.LoginTest" name="verifyRememberMeCheckBoxIsEnabled" time="0.09"/>
  <testcase classname="com.sevenrmartsupermarket.tests.LoginTest" name="verifySignInButtonIsDisplayed" time="0.104"/>
  <testcase classname="com.sevenrmartsupermarket.tests.LoginTest" name="verifySignInButtonIsEnabled" time="0.096"/>
</testsuite> <!-- SmokeTest -->
