<?xml version="1.0" encoding="UTF-8"?>
<!-- Generated by org.testng.reporters.JUnitXMLReporter -->
<testsuite ignored="0" hostname="LAPTOP-T9VL9J16" failures="1" tests="10" name="Test1" time="19.93" errors="0" timestamp="14 Jan 2025 11:41:52 GMT">
  <testcase classname="com.sevenrmartsupermarket.tests.LoginTest" name="verifyAdminLogin" time="1.159"/>
  <testcase classname="com.sevenrmartsupermarket.tests.HomeTest" name="verifyUserLogout" time="1.504"/>
  <testcase classname="com.sevenrmartsupermarket.tests.ManageNewsTest" name="verifyNewNewsInput" time="3.565"/>
  <testcase classname="com.sevenrmartsupermarket.tests.LoginTest" name="verifyInvalidPasswordLogin" time="0.453"/>
  <testcase classname="com.sevenrmartsupermarket.tests.LoginTest" name="verifyInvalidUserNameLogin" time="0.387"/>
  <testcase classname="com.sevenrmartsupermarket.tests.LoginTest" name="verifyLoginOptionsAreAvailable" time="0.12"/>
  <testcase classname="com.sevenrmartsupermarket.tests.LoginTest" name="verifyRememberMeCheckBoxIsDisplayed" time="0.042">
    <failure type="java.lang.AssertionError" message="expected [true] but found [false]">
      <![CDATA[java.lang.AssertionError: expected [true] but found [false]
	at com.sevenrmartsupermarket.tests.LoginTest.verifyRememberMeCheckBoxIsDisplayed(LoginTest.java:62)
	at java.base/java.util.concurrent.ThreadPoolExecutor.runWorker(ThreadPoolExecutor.java:1144)
	at java.base/java.util.concurrent.ThreadPoolExecutor$Worker.run(ThreadPoolExecutor.java:642)
	at java.base/java.lang.Thread.run(Thread.java:1575)
... Removed 12 stack frames]]>
    </failure>
  </testcase> <!-- verifyRememberMeCheckBoxIsDisplayed -->
  <testcase classname="com.sevenrmartsupermarket.tests.LoginTest" name="verifyRememberMeCheckBoxIsEnabled" time="0.031"/>
  <testcase classname="com.sevenrmartsupermarket.tests.LoginTest" name="verifySignInButtonIsDisplayed" time="0.038"/>
  <testcase classname="com.sevenrmartsupermarket.tests.LoginTest" name="verifySignInButtonIsEnabled" time="0.034"/>
</testsuite> <!-- Test1 -->
