<?xml version="1.0" encoding="UTF-8"?>
<testng-results ignored="1" total="2" passed="1" failed="0" skipped="0">
  <reporter-output>
  </reporter-output>
  <suite started-at="2025-01-20T11:20:47Z" name="Default suite" finished-at="2025-01-20T11:21:03Z" duration-ms="16025">
    <groups>
    </groups>
    <test started-at="2025-01-20T11:20:47Z" name="Default test" finished-at="2025-01-20T11:21:03Z" duration-ms="16025">
      <class name="com.sevenrmartsupermarket.tests.CategoryTest">
        <test-method is-config="true" signature="launchApplication()[pri:0, instance:com.sevenrmartsupermarket.tests.CategoryTest@4470fbd6]" started-at="2025-01-20T16:50:47Z" name="launchApplication" finished-at="2025-01-20T16:50:50Z" duration-ms="2695" status="PASS">
          <reporter-output>
          </reporter-output>
        </test-method> <!-- launchApplication -->
        <test-method signature="verifyNewCategoryEntry()[pri:0, instance:com.sevenrmartsupermarket.tests.CategoryTest@4470fbd6]" started-at="2025-01-20T16:50:50Z" name="verifyNewCategoryEntry" finished-at="2025-01-20T16:51:03Z" duration-ms="13317" status="PASS">
          <reporter-output>
          </reporter-output>
        </test-method> <!-- verifyNewCategoryEntry -->
        <test-method is-config="true" signature="terminateSession(org.testng.ITestResult)[pri:0, instance:com.sevenrmartsupermarket.tests.CategoryTest@4470fbd6]" started-at="2025-01-20T16:51:03Z" name="terminateSession" finished-at="2025-01-20T16:51:03Z" duration-ms="0" status="PASS">
          <params>
            <param index="0">
              <value>
                <![CDATA[[TestResult name=verifyNewCategoryEntry status=SUCCESS method=CategoryTest.verifyNewCategoryEntry()[pri:0, instance:com.sevenrmartsupermarket.tests.CategoryTest@4470fbd6] output={null}]]]>
              </value>
            </param>
          </params>
          <reporter-output>
          </reporter-output>
        </test-method> <!-- terminateSession -->
      </class> <!-- com.sevenrmartsupermarket.tests.CategoryTest -->
    </test> <!-- Default test -->
  </suite> <!-- Default suite -->
</testng-results>
